
/home/runner/work/exp-shrinkage-limit-nitk/exp-shrinkage-limit-nitk/experiment/simulation/js/ej.web.all.js
  10:627614  error  Parsing error: Invalid number

/home/runner/work/exp-shrinkage-limit-nitk/exp-shrinkage-limit-nitk/experiment/simulation/js/jquerymin.js
  2:71     warning  'module' is not defined                                                    no-undef
  2:86     warning  'module' is not defined                                                    no-undef
  2:863    warning  'b' is assigned a value but never used                                     no-unused-vars
  2:3050   warning  'r' is assigned a value but never used                                     no-unused-vars
  2:5376   warning  Unexpected control character(s) in regular expression: \x1f, \x1f          no-control-regex
  2:5847   warning  Expected a conditional expression and instead saw an assignment            no-cond-assign
  2:6101   warning  Expected a conditional expression and instead saw an assignment            no-cond-assign
  2:6532   warning  Expected a conditional expression and instead saw an assignment            no-cond-assign
  2:6758   warning  Empty block statement                                                      no-empty
  2:7320   warning  Expected a conditional expression and instead saw an assignment            no-cond-assign
  2:9378   warning  Expected a conditional expression and instead saw an assignment            no-cond-assign
  2:9688   warning  Expected a conditional expression and instead saw an assignment            no-cond-assign
  2:11489  warning  Expected a conditional expression and instead saw an assignment            no-cond-assign
  2:12064  warning  Expected a conditional expression and instead saw an assignment            no-cond-assign
  2:12102  warning  Expected a conditional expression and instead saw an assignment            no-cond-assign
  2:12520  warning  Empty block statement                                                      no-empty
  2:13134  warning  Expected a conditional expression and instead saw an assignment            no-cond-assign
  2:13446  warning  Expected a conditional expression and instead saw an assignment            no-cond-assign
  2:15271  warning  Expected a conditional expression and instead saw an assignment            no-cond-assign
  2:15542  warning  Expected a conditional expression and instead saw an assignment            no-cond-assign
  2:15740  warning  Expected a conditional expression and instead saw an assignment            no-cond-assign
  2:16114  warning  Do not access Object.prototype method 'hasOwnProperty' from target object  no-prototype-builtins
  2:16815  warning  Expected a conditional expression and instead saw an assignment            no-cond-assign
  2:19155  warning  Expected a conditional expression and instead saw an assignment            no-cond-assign
  2:19255  warning  Expected a conditional expression and instead saw an assignment            no-cond-assign
  2:19315  warning  Expected a conditional expression and instead saw an assignment            no-cond-assign
  2:20674  warning  Expected a conditional expression and instead saw an assignment            no-cond-assign
  2:21288  warning  Expected a conditional expression and instead saw an assignment            no-cond-assign
  2:21399  warning  Expected a conditional expression and instead saw an assignment            no-cond-assign
  2:23719  warning  Unnecessary escape character: \/                                           no-useless-escape
  2:33344  warning  Empty block statement                                                      no-empty
  2:37050  warning  Unnecessary escape character: \/                                           no-useless-escape
  2:38265  warning  Expected a conditional expression and instead saw an assignment            no-cond-assign
  2:38405  warning  Expected a conditional expression and instead saw an assignment            no-cond-assign
  2:39039  warning  Empty block statement                                                      no-empty
  2:45778  warning  Unnecessary escape character: \/                                           no-useless-escape
  2:48087  warning  Expected a conditional expression and instead saw an assignment            no-cond-assign
  2:49647  warning  Empty block statement                                                      no-empty
  2:57298  warning  Expected a conditional expression and instead saw an assignment            no-cond-assign
  2:59847  warning  Expected a conditional expression and instead saw an assignment            no-cond-assign
  2:64132  warning  Expected a conditional expression and instead saw an assignment            no-cond-assign
  2:65877  warning  Expected a conditional expression and instead saw an assignment            no-cond-assign
  2:65943  warning  Expected a conditional expression and instead saw an assignment            no-cond-assign
  2:66247  warning  Expected a conditional expression and instead saw an assignment            no-cond-assign
  2:66313  warning  Expected a conditional expression and instead saw an assignment            no-cond-assign
  2:66720  warning  Expected a conditional expression and instead saw an assignment            no-cond-assign
  2:66997  warning  Expected a conditional expression and instead saw an assignment            no-cond-assign
  2:72432  warning  Expected a conditional expression and instead saw an assignment            no-cond-assign
  2:74924  warning  Expected a conditional expression and instead saw an assignment            no-cond-assign
  2:75645  warning  'l.href' is assigned to itself                                             no-self-assign
  2:79204  warning  Empty block statement                                                      no-empty
  2:83243  warning  Expected a conditional expression and instead saw an assignment            no-cond-assign
  2:83243  warning  'l' is assigned a value but never used                                     no-unused-vars
  2:86651  warning  'define' is not defined                                                    no-undef
  2:86663  warning  'define' is not defined                                                    no-undef

/home/runner/work/exp-shrinkage-limit-nitk/exp-shrinkage-limit-nitk/experiment/simulation/js/shrinkage.js
     1:10   warning  'wd' is not defined                          no-undef
     1:15   warning  'v1' is not defined                          no-undef
     1:20   warning  'v2' is not defined                          no-undef
     1:25   warning  'ws' is not defined                          no-undef
     1:30   warning  'cnt' is not defined                         no-undef
     1:36   warning  Unnecessary semicolon                        no-extra-semi
    11:3    warning  Mixed spaces and tabs                        no-mixed-spaces-and-tabs
    12:5    warning  'repeat' is assigned a value but never used  no-unused-vars
    22:3    warning  Mixed spaces and tabs                        no-mixed-spaces-and-tabs
    23:3    warning  Mixed spaces and tabs                        no-mixed-spaces-and-tabs
    24:3    warning  Mixed spaces and tabs                        no-mixed-spaces-and-tabs
    26:3    warning  Mixed spaces and tabs                        no-mixed-spaces-and-tabs
    27:3    warning  Mixed spaces and tabs                        no-mixed-spaces-and-tabs
    31:2    warning  '$' is not defined                           no-undef
    35:2    warning  'el' is not defined                          no-undef
    36:2    warning  'el' is not defined                          no-undef
    37:2    warning  'el' is not defined                          no-undef
    38:2    warning  'answer' is not defined                      no-undef
    38:21   warning  'el' is not defined                          no-undef
    40:6    warning  'j' is not defined                           no-undef
    40:10   warning  'j' is not defined                           no-undef
    40:32   warning  'j' is not defined                           no-undef
    42:3    warning  'opt' is not defined                         no-undef
    42:22   warning  'j' is not defined                           no-undef
    44:3    warning  'el' is not defined                          no-undef
    45:3    warning  'el' is not defined                          no-undef
    45:20   warning  'opt' is not defined                         no-undef
    46:3    warning  'el' is not defined                          no-undef
    46:14   warning  'opt' is not defined                         no-undef
    47:3    warning  'answer' is not defined                      no-undef
    47:22   warning  'el' is not defined                          no-undef
    48:3    warning  '$' is not defined                           no-undef
    50:4    warning  'ca' is not defined                          no-undef
    50:7    warning  '$' is not defined                           no-undef
    51:26   warning  'ca' is not defined                          no-undef
    68:10   warning  'generate_table' is defined but never used   no-unused-vars
    71:9    warning  'table' is assigned a value but never used   no-unused-vars
    74:4    warning  '$' is not defined                           no-undef
    76:13   warning  '$' is not defined                           no-undef
    83:10   warning  'navNext' is defined but never used          no-unused-vars
    85:6    warning  'temp' is not defined                        no-undef
    85:13   warning  'temp' is not defined                        no-undef
    85:22   warning  'temp' is not defined                        no-undef
    87:36   warning  'temp' is not defined                        no-undef
    89:2    warning  'simsubscreennum' is not defined             no-undef
    90:35   warning  'simsubscreennum' is not defined             no-undef
   105:20   warning  'myInt' is not defined                       no-undef
   111:2    warning  'myInt' is not defined                       no-undef
   123:2    warning  Mixed spaces and tabs                        no-mixed-spaces-and-tabs
   124:2    warning  Mixed spaces and tabs                        no-mixed-spaces-and-tabs
   125:2    warning  Mixed spaces and tabs                        no-mixed-spaces-and-tabs
   189:5    warning  'simsubscreennum' is not defined             no-undef
   253:10   warning  'simsubscreennum' is not defined             no-undef
   260:11   warning  'i' is already defined                       no-redeclare
   329:10   warning  'simsubscreennum' is not defined             no-undef
   331:11   warning  'i' is already defined                       no-redeclare
   465:4    warning  Mixed spaces and tabs                        no-mixed-spaces-and-tabs
   470:10   warning  'simsubscreennum' is not defined             no-undef
   542:10   warning  'simsubscreennum' is not defined             no-undef
   549:10   warning  'simsubscreennum' is not defined             no-undef
   612:10   warning  'simsubscreennum' is not defined             no-undef
   617:10   warning  'simsubscreennum' is not defined             no-undef
   628:4    warning  '$' is not defined                           no-undef
   649:8    warning  '$' is not defined                           no-undef
   670:12   warning  '$' is not defined                           no-undef
   673:13   warning  '$' is not defined                           no-undef
   691:10   warning  'simsubscreennum' is not defined             no-undef
   700:10   warning  'simsubscreennum' is not defined             no-undef
   753:10   warning  'simsubscreennum' is not defined             no-undef
   761:10   warning  'simsubscreennum' is not defined             no-undef
   765:10   warning  'simsubscreennum' is not defined             no-undef
   817:10   warning  'simsubscreennum' is not defined             no-undef
   824:10   warning  'simsubscreennum' is not defined             no-undef
   848:10   warning  'simsubscreennum' is not defined             no-undef
   883:10   warning  'simsubscreennum' is not defined             no-undef
   895:3    warning  'wd' is not defined                          no-undef
   896:3    warning  'v1' is not defined                          no-undef
   899:4    warning  'cnt' is not defined                         no-undef
   904:44   warning  'cnt' is not defined                         no-undef
   908:4    warning  'cnt' is not defined                         no-undef
   913:21   warning  'wd' is not defined                          no-undef
   913:44   warning  'cnt' is not defined                         no-undef
   917:4    warning  'cnt' is not defined                         no-undef
   922:21   warning  'v1' is not defined                          no-undef
   922:44   warning  'cnt' is not defined                         no-undef
   925:10   warning  'simsubscreennum' is not defined             no-undef
   935:148  warning  'wd' is not defined                          no-undef
   935:213  warning  'v1' is not defined                          no-undef
   936:3    warning  'v2' is not defined                          no-undef
   937:3    warning  'ws' is not defined                          no-undef
   937:16   warning  'wd' is not defined                          no-undef
   937:21   warning  'v1' is not defined                          no-undef
   937:26   warning  'v2' is not defined                          no-undef
   937:32   warning  'wd' is not defined                          no-undef
   941:4    warning  'cnt' is not defined                         no-undef
   946:21   warning  'v2' is not defined                          no-undef
   946:44   warning  'cnt' is not defined                         no-undef
   950:4    warning  'cnt' is not defined                         no-undef
   955:21   warning  'ws' is not defined                          no-undef
   955:44   warning  'cnt' is not defined                         no-undef
   968:3    warning  'n' is not defined                           no-undef
   969:17   warning  'n' is not defined                           no-undef
   993:27   warning  Unnecessary semicolon                        no-extra-semi
  1024:3    warning  '$' is not defined                           no-undef
  1045:8    warning  '$' is not defined                           no-undef

✖ 161 problems (1 error, 160 warnings)
  0 errors and 2 warnings potentially fixable with the `--fix` option.

